<?xml version="1.0" encoding="UTF-8"?>
<testng-results ignored="0" total="1" passed="1" failed="0" skipped="0">
  <reporter-output>
  </reporter-output>
  <suite started-at="2023-03-27T13:28:41 IST" name="Default suite" finished-at="2023-03-27T13:28:41 IST" duration-ms="100">
    <groups>
    </groups>
    <test started-at="2023-03-27T13:28:41 IST" name="Default test" finished-at="2023-03-27T13:28:41 IST" duration-ms="100">
      <class name="vtiger.basicTestScript.ToCreateALeadANdToEdit">
        <test-method signature="toCreateALeadAndEditTheLeadAndVerify()[pri:0, instance:vtiger.basicTestScript.ToCreateALeadANdToEdit@703580bf]" started-at="2023-03-27T13:28:41 IST" name="toCreateALeadAndEditTheLeadAndVerify" finished-at="2023-03-27T13:28:41 IST" duration-ms="18" status="PASS">
          <reporter-output>
          </reporter-output>
        </test-method> <!-- toCreateALeadAndEditTheLeadAndVerify -->
      </class> <!-- vtiger.basicTestScript.ToCreateALeadANdToEdit -->
    </test> <!-- Default test -->
  </suite> <!-- Default suite -->
</testng-results>
