<?xml version="1.0" encoding="UTF-8"?>
<!-- Generated by org.testng.reporters.JUnitXMLReporter -->
<testsuite ignored="2" hostname="TYC1121225" failures="0" tests="2" name="Test" time="0.097" errors="0" timestamp="2023-03-10T13:52:26 IST">
  <testcase classname="vtiger.basicTestScript.ToCreateALeadALeadTest" name="toCreateALeadAndVerifyLeadTest" time="0.009"/>
  <testcase classname="vtiger.basicTestScript.ToCreateALeadANdToEdit" name="toCreateALeadAndEditTheLeadAndVerify" time="0.003"/>
  <testcase classname="vtiger.genericUtility.BaseClass" name="@BeforeSuite bsConfig" time="0.0">
    <ignored/>
  </testcase> <!-- @BeforeSuite bsConfig -->
  <testcase classname="vtiger.genericUtility.BaseClass" name="@AfterSuite asConfig" time="0.0">
    <ignored/>
  </testcase> <!-- @AfterSuite asConfig -->
</testsuite> <!-- Test -->
